
> wicys-sathyabama@1.0.0 dev
> next dev

 ⚠ Port 3000 is in use by process 9828, using available port 3003 instead.
   ▲ Next.js 15.5.14
   - Local:        http://localhost:3003
   - Network:      http://10.238.169.179:3003

 ✓ Starting...
 ✓ Ready in 9.1s
 ○ Compiling /obscura ...
 ✓ Compiled /obscura in 15.6s (1523 modules)
 ✓ Compiled in 1858ms (697 modules)
 GET /obscura 200 in 17684ms
 ✓ Compiled in 2.3s (1523 modules)
 ○ Compiling /_not-found ...
 ✓ Compiled /_not-found in 1619ms (1501 modules)
 GET /obscura 404 in 2241ms
 GET /obscura 200 in 1433ms
 ○ Compiling / ...
 ✓ Compiled / in 1828ms (1543 modules)
 GET / 200 in 2674ms
 ✓ Compiled in 1588ms (701 modules)
 GET /obscura 200 in 834ms
 GET /obscura 200 in 142ms
 ✓ Compiled in 1815ms (1543 modules)
 GET /obscura 200 in 371ms
 ✓ Compiled in 1239ms (1527 modules)
 GET /obscura 200 in 481ms
 ○ Compiling / ...
 ✓ Compiled / in 526ms (842 modules)
 GET / 200 in 2325ms
<w> [webpack.cache.PackFileCacheStrategy] Caching failed for pack: Error: ENOENT: no such file or directory, rename 'C:\Users\Rajesh.P\Downloads\Sist_WicysWebsitenew\.next\cache\webpack\client-development\0.pack.gz_' -> 'C:\Users\Rajesh.P\Downloads\Sist_WicysWebsitenew\.next\cache\webpack\client-development\0.pack.gz'
 GET / 200 in 305ms
 ✓ Compiled in 2.4s (826 modules)
 ✓ Compiled in 2.8s (701 modules)
 GET /obscura 200 in 2903ms
 ✓ Compiled in 3.6s (701 modules)
 GET /obscura 200 in 1107ms
<w> [webpack.cache.PackFileCacheStrategy] Caching failed for pack: Error: ENOENT: no such file or directory, rename 'C:\Users\Rajesh.P\Downloads\Sist_WicysWebsitenew\.next\cache\webpack\client-development\0.pack.gz_' -> 'C:\Users\Rajesh.P\Downloads\Sist_WicysWebsitenew\.next\cache\webpack\client-development\0.pack.gz'
 ✓ Compiled in 2.2s (701 modules)
 GET /obscura 200 in 164ms
 ✓ Compiled in 1780ms (701 modules)
 GET /obscura 200 in 217ms
 ✓ Compiled in 1751ms (701 modules)
 GET /obscura 200 in 119ms
 ○ Compiling / ...
 ✓ Compiled / in 2.2s (842 modules)
 GET / 200 in 5978ms
 GET /obscura 200 in 4016ms
 GET / 200 in 525ms
 GET / 200 in 251ms
 ○ Compiling /archive ...
 ✓ Compiled /archive in 2.9s (1557 modules)
 GET /archive 200 in 3420ms
 GET /archive 200 in 78ms
 GET /archive 200 in 67ms
 ✓ Compiled in 1242ms (851 modules)
 GET /archive 200 in 631ms
 ✓ Compiled in 2s (851 modules)
 GET /archive 200 in 614ms
 ✓ Compiled in 1097ms (851 modules)
 GET /archive 200 in 482ms
 ✓ Compiled in 684ms (851 modules)
 GET /archive 200 in 241ms
 GET / 200 in 621ms
 GET /archive 200 in 551ms
 ✓ Compiled in 1365ms (851 modules)
 ✓ Compiled in 843ms (851 modules)
 ✓ Compiled in 809ms (851 modules)
<w> [webpack.cache.PackFileCacheStrategy] Caching failed for pack: Error: ENOENT: no such file or directory, rename 'C:\Users\Rajesh.P\Downloads\Sist_WicysWebsitenew\.next\cache\webpack\server-development\12.pack.gz_' -> 'C:\Users\Rajesh.P\Downloads\Sist_WicysWebsitenew\.next\cache\webpack\server-development\12.pack.gz'
 GET / 200 in 641ms
 ✓ Compiled in 1622ms (851 modules)
 GET / 200 in 974ms
 ✓ Compiled in 1186ms (851 modules)
<w> [webpack.cache.PackFileCacheStrategy] Caching failed for pack: Error: ENOENT: no such file or directory, rename 'C:\Users\Rajesh.P\Downloads\Sist_WicysWebsitenew\.next\cache\webpack\server-development\0.pack.gz_' -> 'C:\Users\Rajesh.P\Downloads\Sist_WicysWebsitenew\.next\cache\webpack\server-development\0.pack.gz'
 GET / 200 in 851ms
 ✓ Compiled in 1230ms (851 modules)
 ✓ Compiled in 1075ms (851 modules)
<w> [webpack.cache.PackFileCacheStrategy] Caching failed for pack: Error: ENOENT: no such file or directory, rename 'C:\Users\Rajesh.P\Downloads\Sist_WicysWebsitenew\.next\cache\webpack\server-development\1.pack.gz_' -> 'C:\Users\Rajesh.P\Downloads\Sist_WicysWebsitenew\.next\cache\webpack\server-development\1.pack.gz'
 ✓ Compiled in 998ms (851 modules)
 ✓ Compiled in 1027ms (851 modules)
 ✓ Compiled in 3.6s (851 modules)
 ✓ Compiled in 1047ms (851 modules)
 ✓ Compiled in 1646ms (851 modules)
 ✓ Compiled in 1083ms (851 modules)
 ✓ Compiled in 508ms (851 modules)
 ✓ Compiled in 554ms (851 modules)
 ✓ Compiled in 638ms (851 modules)
 ✓ Compiled in 521ms (851 modules)
 ✓ Compiled in 1146ms (851 modules)
 ✓ Compiled in 2.3s (851 modules)
 ✓ Compiled in 807ms (851 modules)
 ✓ Compiled in 754ms (851 modules)
 ✓ Compiled in 1020ms (851 modules)
 ✓ Compiled in 1042ms (851 modules)
 ✓ Compiled in 810ms (851 modules)
 ✓ Compiled in 1416ms (851 modules)
 ✓ Compiled in 649ms (851 modules)
 ✓ Compiled in 1004ms (851 modules)
 ✓ Compiled in 1315ms (851 modules)
 ✓ Compiled in 3.5s (1557 modules)
 ✓ Compiled in 5.3s (1557 modules)
 GET / 200 in 2157ms
